<?xml version="1.0" encoding="UTF-8"?>
<!-- Generated by org.testng.reporters.JUnitReportReporter -->
<testsuite hostname="Administrator" failures="0" tests="1" name="testCases.TC_001_AccountRegistrationTest" time="2.913" errors="0" timestamp="2023-04-20T11:36:47 IST" skipped="0">
  <testcase classname="testCases.TC_001_AccountRegistrationTest" name="test_account_Registration" time="2.913"/>
  <system-out/>
</testsuite> <!-- testCases.TC_001_AccountRegistrationTest -->
